OpenGL vendor string:   VMware, Inc.
OpenGL renderer string: Gallium 0.4 on llvmpipe (LLVM 4.0, 256 bits)
OpenGL version string:  3.0 Mesa 17.0.7

Not software rendered:    [31;01mno[00m
Not blacklisted:          [32;01myes[00m
GLX fbconfig:             [32;01myes[00m
GLX texture from pixmap:  [32;01myes[00m
GL npot or rect textures: [32;01myes[00m
GL vertex program:        [32;01myes[00m
GL fragment program:      [32;01myes[00m
GL vertex buffer object:  [32;01myes[00m
GL framebuffer object:    [32;01myes[00m
GL version is 1.4+:       [32;01myes[00m

Unity 3D supported:       [31;01mno[00m
Using compiz profile 'ubuntu-lowgfx'
compizconfig - Info: Backend     : gsettings
compizconfig - Info: Integration : true
compizconfig - Info: Profile     : unity-lowgfx
compiz (core) - Info: Loading plugin: core
compiz (core) - Info: Starting plugin: core
compiz (core) - Info: Loading plugin: ccp
compiz (core) - Info: Starting plugin: ccp
compizconfig - Info: Backend     : gsettings
compizconfig - Info: Integration : true
compizconfig - Info: Profile     : unity-lowgfx
compiz (core) - Info: Loading plugin: composite
compiz (core) - Info: Starting plugin: composite
compiz (core) - Info: Loading plugin: opengl
compiz (core) - Info: Starting plugin: opengl
compiz (core) - Info: Loading plugin: mousepoll
compiz (core) - Info: Starting plugin: mousepoll
compiz (core) - Info: Loading plugin: wall
compiz (core) - Info: Starting plugin: wall
compiz (core) - Info: Loading plugin: fade
compiz (core) - Info: Starting plugin: fade
compiz (core) - Info: Loading plugin: move
compiz (core) - Info: Starting plugin: move
compiz (core) - Info: Loading plugin: imgpng
compiz (core) - Info: Starting plugin: imgpng
compiz (core) - Info: Loading plugin: snap
compiz (core) - Info: Starting plugin: snap
compiz (core) - Info: Loading plugin: workarounds
compiz (core) - Info: Starting plugin: workarounds
compiz (core) - Info: Loading plugin: grid
compiz (core) - Info: Starting plugin: grid
compiz (core) - Info: Loading plugin: place
compiz (core) - Info: Starting plugin: place
compiz (core) - Info: Loading plugin: copytex
compiz (core) - Info: Starting plugin: copytex
compiz (core) - Info: Loading plugin: scale
compiz (core) - Info: Starting plugin: scale
compiz (core) - Info: Loading plugin: vpswitch
compiz (core) - Info: Starting plugin: vpswitch
compiz (core) - Info: Loading plugin: regex
compiz (core) - Info: Starting plugin: regex
compiz (core) - Info: Loading plugin: compiztoolbox
compiz (core) - Info: Starting plugin: compiztoolbox
compiz (core) - Info: Loading plugin: resize
compiz (core) - Info: Starting plugin: resize
compiz (core) - Info: Loading plugin: session
compiz (core) - Info: Starting plugin: session
compiz (core) - Info: Loading plugin: unitymtgrabhandles
compiz (core) - Info: Starting plugin: unitymtgrabhandles
compiz (core) - Info: Loading plugin: expo
compiz (core) - Info: Starting plugin: expo
compiz (core) - Info: Loading plugin: ezoom
compiz (core) - Info: Starting plugin: ezoom
compiz (core) - Info: Loading plugin: unityshell
compiz (core) - Info: Starting plugin: unityshell
WARN  2017-12-04 22:58:42 unity.glib.dbus.server GLibDBusServer.cpp:593 Can't register object 'org.gnome.Shell' yet as we don't have a connection, waiting for it...
WARN  2017-12-04 22:58:42 unity.debug.interface DebugDBusInterface.cpp:217 Unable to load entry point in libxpathselect: libxpathselect.so.1.4: cannot open shared object file: No such file or directory -- full D-Bus introspection will not be available
WARN  2017-12-04 22:58:42 xim.controller XIMController.cpp:103 IBus natively supported.
WARN  2017-12-04 22:58:43 unity.dash.gsettingsscopereader GSettingsScopes.cpp:108 Error fetching protocol metadata for scope: social.scope : Valid key file could not be found in search dirs
WARN  2017-12-04 22:58:43 unity.glib.dbus.server GLibDBusServer.cpp:593 Can't register object 'com.canonical.Unity.Launcher' yet as we don't have a connection, waiting for it...
WARN  2017-12-04 22:58:44 unity.glib.dbus.server GLibDBusServer.cpp:593 Can't register object 'com.canonical.Unity.Dash' yet as we don't have a connection, waiting for it...
WARN  2017-12-04 22:58:44 unity.glib.dbus.server GLibDBusServer.cpp:593 Can't register object 'org.gnome.SessionManager.EndSessionDialog' yet as we don't have a connection, waiting for it...
WARN  2017-12-04 22:58:44 unity.glib.dbus.server GLibDBusServer.cpp:593 Can't register object 'com.canonical.Unity.Session' yet as we don't have a connection, waiting for it...
WARN  2017-12-04 22:58:44 unity.glib.dbus.server GLibDBusServer.cpp:593 Can't register object 'org.gnome.ScreenSaver' yet as we don't have a connection, waiting for it...
compiz (core) - Warn: Attempted to restack relative to 0x2200006 which is not a child of the root window or a window compiz owns
ERROR 2017-12-04 22:58:47 unity.glib.dbus.server GLibDBusServer.cpp:538 DBus name lost 'org.gnome.Shell'
ERROR 2017-12-04 22:58:47 unity.glib.dbus.server GLibDBusServer.cpp:538 DBus name lost 'com.canonical.Unity'
WARN  2017-12-04 22:58:47 unity.key.gnome.grabber GnomeKeyGrabber.cpp:108 Trying to grab a disabled action, we skip it
WARN  2017-12-04 22:58:47 unity.key.gnome.grabber GnomeKeyGrabber.cpp:108 Trying to grab a disabled action, we skip it
WARN  2017-12-04 22:58:47 unity.key.gnome.grabber GnomeKeyGrabber.cpp:108 Trying to grab a disabled action, we skip it
WARN  2017-12-04 22:58:47 unity.key.gnome.grabber GnomeKeyGrabber.cpp:108 Trying to grab a disabled action, we skip it
WARN  2017-12-04 22:58:47 unity.key.gnome.grabber GnomeKeyGrabber.cpp:108 Trying to grab a disabled action, we skip it
WARN  2017-12-04 22:58:47 unity.key.gnome.grabber GnomeKeyGrabber.cpp:108 Trying to grab a disabled action, we skip it
WARN  2017-12-04 22:58:47 unity.key.gnome.grabber GnomeKeyGrabber.cpp:108 Trying to grab a disabled action, we skip it
WARN  2017-12-04 22:58:47 unity.key.gnome.grabber GnomeKeyGrabber.cpp:108 Trying to grab a disabled action, we skip it
WARN  2017-12-04 22:58:47 unity.key.gnome.grabber GnomeKeyGrabber.cpp:108 Trying to grab a disabled action, we skip it
WARN  2017-12-04 22:58:47 unity.key.gnome.grabber GnomeKeyGrabber.cpp:108 Trying to grab a disabled action, we skip it
1512457152910	addons.xpi	WARN	Add-on langpack-en-ZA@firefox.mozilla.org is not compatible with application version.
1512457152924	addons.xpi	WARN	Add-on langpack-en-ZA@firefox.mozilla.org is not compatible with application version.
1512457152968	addons.xpi	WARN	Add-on langpack-en-GB@firefox.mozilla.org is not compatible with application version.
1512457152977	addons.xpi	WARN	Add-on langpack-en-GB@firefox.mozilla.org is not compatible with application version.
1512457155217	addons.xpi	WARN	Add-on langpack-en-ZA@firefox.mozilla.org is not compatible with application version.
1512457155218	addons.xpi	WARN	Add-on langpack-en-GB@firefox.mozilla.org is not compatible with application version.
1512457155245	addons.xpi	WARN	Add-on langpack-en-ZA@firefox.mozilla.org is not compatible with application version.
1512457155250	addons.xpi	WARN	Add-on langpack-en-GB@firefox.mozilla.org is not compatible with application version.
1512457545074	addons.xpi	WARN	Add-on langpack-en-ZA@firefox.mozilla.org is not compatible with application version.
1512457545080	addons.xpi	WARN	Add-on langpack-en-GB@firefox.mozilla.org is not compatible with application version.
1512457545451	addons.update-checker	WARN	Update manifest for webcompat@mozilla.org did not contain an updates property
1512457545479	addons.update-checker	WARN	Update manifest for aushelper@mozilla.org did not contain an updates property
1512457545490	addons.update-checker	WARN	Update manifest for {972ce4c6-7e08-4474-a285-3208198ce6fd} did not contain an updates property
1512457545500	addons.update-checker	WARN	Update manifest for e10srollout@mozilla.org did not contain an updates property
1512457545525	addons.update-checker	WARN	Update manifest for firefox@getpocket.com did not contain an updates property
1512457545886	addons.xpi	WARN	Add-on firefox-hotfix@mozilla.org is not compatible with application version.
1512457546027	addons.xpi	WARN	Add-on firefox-hotfix@mozilla.org is not compatible with application version.
1512457665269	addons.xpi	WARN	Add-on langpack-en-ZA@firefox.mozilla.org is not compatible with application version.
1512457665271	addons.xpi	WARN	Add-on langpack-en-GB@firefox.mozilla.org is not compatible with application version.
*************************
A coding exception was thrown and uncaught in a Task.

Full message: TypeError: NetworkError when attempting to fetch resource.
Full stack: loadFile@resource://gre/modules/services-common/blocklist-clients.js:119:30
TaskImpl_run@resource://gre/modules/Task.jsm:319:42
TaskImpl@resource://gre/modules/Task.jsm:277:3
asyncFunction@resource://gre/modules/Task.jsm:252:14
Task_spawn@resource://gre/modules/Task.jsm:166:12
loadDumpFile@resource://gre/modules/services-common/blocklist-clients.js:118:12
syncCollection@resource://gre/modules/services-common/blocklist-clients.js:212:39
TaskImpl_run@resource://gre/modules/Task.jsm:319:42

*************************
1512457784643	addons.xpi	WARN	Add-on langpack-en-ZA@firefox.mozilla.org is not compatible with application version.
1512457784645	addons.xpi	WARN	Add-on langpack-en-GB@firefox.mozilla.org is not compatible with application version.
WARN  2017-12-04 23:09:54 unity.iconloader IconLoader.cpp:756 Unable to load icon file:/// at size -1x22: Can't open directory
WARN  2017-12-04 23:29:42 unity.shell.compiz unityshell.cpp:3241 Animation plugin not found. Can't set minimize speed.
WARN  2017-12-04 23:30:53 unity.shell.compiz unityshell.cpp:3241 Animation plugin not found. Can't set minimize speed.
[GFX1-]: ClientLayerManager::BeginTransaction with IPC channel down. GPU process may have died.
[GFX1-]: ClientLayerManager::BeginTransaction with IPC channel down. GPU process may have died.
[GFX1-]: ClientLayerManager::BeginTransaction with IPC channel down. GPU process may have died.
[GFX1-]: ClientLayerManager::BeginTransaction with IPC channel down. GPU process may have died.
[GFX1-]: ClientLayerManager::BeginTransaction with IPC channel down. GPU process may have died.
[GFX1-]: ClientLayerManager::BeginTransaction with IPC channel down. GPU process may have died.
[GFX1-]: ClientLayerManager::BeginTransaction with IPC channel down. GPU process may have died.
[GFX1-]: ClientLayerManager::BeginTransaction with IPC channel down. GPU process may have died.
[GFX1-]: ClientLayerManager::BeginTransaction with IPC channel down. GPU process may have died.
[GFX1-]: ClientLayerManager::BeginTransaction with IPC channel down. GPU process may have died.
[GFX1-]: ClientLayerManager::BeginTransaction with IPC channel down. GPU process may have died.
[GFX1-]: ClientLayerManager::BeginTransaction with IPC channel down. GPU process may have died.
[GFX1-]: ClientLayerManager::BeginTransaction with IPC channel down. GPU process may have died.
[GFX1-]: ClientLayerManager::BeginTransaction with IPC channel down. GPU process may have died.
[GFX1-]: ClientLayerManager::BeginTransaction with IPC channel down. GPU process may have died.
[GFX1-]: ClientLayerManager::BeginTransaction with IPC channel down. GPU process may have died.
[GFX1-]: ClientLayerManager::BeginTransaction with IPC channel down. GPU process may have died.
[GFX1-]: ClientLayerManager::BeginTransaction with IPC channel down. GPU process may have died.
[GFX1-]: ClientLayerManager::BeginTransaction with IPC channel down. GPU process may have died.
[GFX1-]: ClientLayerManager::BeginTransaction with IPC channel down. GPU process may have died.
[GFX1-]: ClientLayerManager::BeginTransaction with IPC channel down. GPU process may have died.
[GFX1-]: ClientLayerManager::BeginTransaction with IPC channel down. GPU process may have died.
[GFX1-]: ClientLayerManager::BeginTransaction with IPC channel down. GPU process may have died.
[GFX1-]: ClientLayerManager::BeginTransaction with IPC channel down. GPU process may have died.
[GFX1-]: ClientLayerManager::BeginTransaction with IPC channel down. GPU process may have died.
[GFX1-]: ClientLayerManager::BeginTransaction with IPC channel down. GPU process may have died.
[GFX1-]: ClientLayerManager::BeginTransaction with IPC channel down. GPU process may have died.
[GFX1-]: ClientLayerManager::BeginTransaction with IPC channel down. GPU process may have died.
[GFX1-]: ClientLayerManager::BeginTransaction with IPC channel down. GPU process may have died.
[GFX1-]: ClientLayerManager::BeginTransaction with IPC channel down. GPU process may have died.
[GFX1-]: ClientLayerManager::BeginTransaction with IPC channel down. GPU process may have died.
[GFX1-]: ClientLayerManager::BeginTransaction with IPC channel down. GPU process may have died.
[GFX1-]: ClientLayerManager::BeginTransaction with IPC channel down. GPU process may have died.

###!!! [Child][MessageChannel] Error: (msgtype=0x4400AB,name=PContent::Msg_ConsoleMessage) Channel closing: too late to send/recv, messages will be lost

WARN  2017-12-05 00:33:18 unity.shell.compiz unityshell.cpp:3241 Animation plugin not found. Can't set minimize speed.
ERROR 2017-12-05 00:34:18 unity.settings UnitySettings.cpp:318 Invalid monitor index: -1. Returning index 0 monitor instead.
[GFX1-]: ClientLayerManager::BeginTransaction with IPC channel down. GPU process may have died.
[GFX1-]: ClientLayerManager::BeginTransaction with IPC channel down. GPU process may have died.
[GFX1-]: ClientLayerManager::BeginTransaction with IPC channel down. GPU process may have died.
[GFX1-]: ClientLayerManager::BeginTransaction with IPC channel down. GPU process may have died.
[GFX1-]: ClientLayerManager::BeginTransaction with IPC channel down. GPU process may have died.
[GFX1-]: ClientLayerManager::BeginTransaction with IPC channel down. GPU process may have died.
[GFX1-]: ClientLayerManager::BeginTransaction with IPC channel down. GPU process may have died.
[GFX1-]: ClientLayerManager::BeginTransaction with IPC channel down. GPU process may have died.
[GFX1-]: ClientLayerManager::BeginTransaction with IPC channel down. GPU process may have died.
[GFX1-]: ClientLayerManager::BeginTransaction with IPC channel down. GPU process may have died.
[GFX1-]: ClientLayerManager::BeginTransaction with IPC channel down. GPU process may have died.
[GFX1-]: ClientLayerManager::BeginTransaction with IPC channel down. GPU process may have died.
[GFX1-]: ClientLayerManager::BeginTransaction with IPC channel down. GPU process may have died.
[GFX1-]: ClientLayerManager::BeginTransaction with IPC channel down. GPU process may have died.
[GFX1-]: ClientLayerManager::BeginTransaction with IPC channel down. GPU process may have died.
[GFX1-]: ClientLayerManager::BeginTransaction with IPC channel down. GPU process may have died.
[GFX1-]: ClientLayerManager::BeginTransaction with IPC channel down. GPU process may have died.
[GFX1-]: ClientLayerManager::BeginTransaction with IPC channel down. GPU process may have died.
[GFX1-]: ClientLayerManager::BeginTransaction with IPC channel down. GPU process may have died.
[GFX1-]: ClientLayerManager::BeginTransaction with IPC channel down. GPU process may have died.
[GFX1-]: ClientLayerManager::BeginTransaction with IPC channel down. GPU process may have died.
[GFX1-]: ClientLayerManager::BeginTransaction with IPC channel down. GPU process may have died.
[GFX1-]: ClientLayerManager::BeginTransaction with IPC channel down. GPU process may have died.
[GFX1-]: ClientLayerManager::BeginTransaction with IPC channel down. GPU process may have died.
[GFX1-]: ClientLayerManager::BeginTransaction with IPC channel down. GPU process may have died.
[GFX1-]: ClientLayerManager::BeginTransaction with IPC channel down. GPU process may have died.

###!!! [Child][MessageChannel] Error: (msgtype=0x4400AB,name=PContent::Msg_ConsoleMessage) Channel closing: too late to send/recv, messages will be lost

ATTENTION: default value of option force_s3tc_enable overridden by environment.
/usr/lib/python3/dist-packages/AptUrl/gtk/GtkUI.py:1: PyGIWarning: Gtk was imported without specifying a version first. Use gi.require_version('Gtk', '3.0') before import to ensure that the right version gets loaded.
  from gi.repository import Gtk
/usr/lib/python3/dist-packages/UpdateManager/UnitySupport.py:29: PyGIWarning: Dbusmenu was imported without specifying a version first. Use gi.require_version('Dbusmenu', '0.4') before import to ensure that the right version gets loaded.
  from gi.repository import Dbusmenu, Unity
/usr/lib/python3/dist-packages/UpdateManager/UnitySupport.py:29: PyGIWarning: Unity was imported without specifying a version first. Use gi.require_version('Unity', '7.0') before import to ensure that the right version gets loaded.
  from gi.repository import Dbusmenu, Unity
Gtk-Message: GtkDialog mapped without a transient parent. This is discouraged.
WARN  2017-12-05 03:29:25 unity <unknown>:0 Failed to get active window: Timeout was reached
debconf: DbDriver "passwords" warning: could not open /var/cache/debconf/passwords.dat: Permission denied
debconf: DbDriver "passwords" warning: could not open /var/cache/debconf/passwords.dat: Permission denied
debconf: DbDriver "passwords" warning: could not open /var/cache/debconf/passwords.dat: Permission denied
ERROR 2017-12-05 03:33:53 unityfree <unknown>:0 g_sequence_get: assertion '!is_end (iter)' failed
ERROR 2017-12-05 03:33:53 unity null <unknown>:0 Unable to get value. NULL row data in DeeSequenceModel@0x40f26c0 at position 1. The row has probably been removed
ERROR 2017-12-05 03:33:53 unity null <unknown>:0 Unable to get string. Column 5 in DeeSequenceModel@0x40f26c0 holds a NULL value in row 1
[GFX1-]: ClientLayerManager::BeginTransaction with IPC channel down. GPU process may have died.
[GFX1-]: ClientLayerManager::BeginTransaction with IPC channel down. GPU process may have died.
[GFX1-]: ClientLayerManager::BeginTransaction with IPC channel down. GPU process may have died.
[GFX1-]: ClientLayerManager::BeginTransaction with IPC channel down. GPU process may have died.
[GFX1-]: ClientLayerManager::BeginTransaction with IPC channel down. GPU process may have died.
[GFX1-]: ClientLayerManager::BeginTransaction with IPC channel down. GPU process may have died.
[GFX1-]: ClientLayerManager::BeginTransaction with IPC channel down. GPU process may have died.
[GFX1-]: ClientLayerManager::BeginTransaction with IPC channel down. GPU process may have died.
[GFX1-]: ClientLayerManager::BeginTransaction with IPC channel down. GPU process may have died.
[GFX1-]: ClientLayerManager::BeginTransaction with IPC channel down. GPU process may have died.
[GFX1-]: ClientLayerManager::BeginTransaction with IPC channel down. GPU process may have died.
[GFX1-]: ClientLayerManager::BeginTransaction with IPC channel down. GPU process may have died.
[GFX1-]: ClientLayerManager::BeginTransaction with IPC channel down. GPU process may have died.
[GFX1-]: ClientLayerManager::BeginTransaction with IPC channel down. GPU process may have died.
[GFX1-]: ClientLayerManager::BeginTransaction with IPC channel down. GPU process may have died.
[GFX1-]: ClientLayerManager::BeginTransaction with IPC channel down. GPU process may have died.
[GFX1-]: ClientLayerManager::BeginTransaction with IPC channel down. GPU process may have died.
[GFX1-]: ClientLayerManager::BeginTransaction with IPC channel down. GPU process may have died.
[GFX1-]: ClientLayerManager::BeginTransaction with IPC channel down. GPU process may have died.
[GFX1-]: ClientLayerManager::BeginTransaction with IPC channel down. GPU process may have died.
[GFX1-]: ClientLayerManager::BeginTransaction with IPC channel down. GPU process may have died.
[GFX1-]: ClientLayerManager::BeginTransaction with IPC channel down. GPU process may have died.
[GFX1-]: ClientLayerManager::BeginTransaction with IPC channel down. GPU process may have died.
[GFX1-]: ClientLayerManager::BeginTransaction with IPC channel down. GPU process may have died.
[GFX1-]: ClientLayerManager::BeginTransaction with IPC channel down. GPU process may have died.
[GFX1-]: ClientLayerManager::BeginTransaction with IPC channel down. GPU process may have died.
[GFX1-]: ClientLayerManager::BeginTransaction with IPC channel down. GPU process may have died.

###!!! [Child][MessageChannel] Error: (msgtype=0x4400AB,name=PContent::Msg_ConsoleMessage) Channel closing: too late to send/recv, messages will be lost

ERROR 2017-12-05 04:02:57 unity.settings UnitySettings.cpp:318 Invalid monitor index: -1. Returning index 0 monitor instead.
[GFX1-]: ClientLayerManager::BeginTransaction with IPC channel down. GPU process may have died.
[GFX1-]: ClientLayerManager::BeginTransaction with IPC channel down. GPU process may have died.
[GFX1-]: ClientLayerManager::BeginTransaction with IPC channel down. GPU process may have died.

###!!! [Child][MessageChannel] Error: (msgtype=0x4400AB,name=PContent::Msg_ConsoleMessage) Channel closing: too late to send/recv, messages will be lost

WARN  2017-12-05 05:25:11 unity.iconloader IconLoader.cpp:264 Unable to load icon . GThemedIcon inode-chardevice inode-x-generic at size 64
[GFX1-]: ClientLayerManager::BeginTransaction with IPC channel down. GPU process may have died.
[GFX1-]: ClientLayerManager::BeginTransaction with IPC channel down. GPU process may have died.
[GFX1-]: ClientLayerManager::BeginTransaction with IPC channel down. GPU process may have died.
[GFX1-]: ClientLayerManager::BeginTransaction with IPC channel down. GPU process may have died.
[GFX1-]: ClientLayerManager::BeginTransaction with IPC channel down. GPU process may have died.
[GFX1-]: ClientLayerManager::BeginTransaction with IPC channel down. GPU process may have died.
[GFX1-]: ClientLayerManager::BeginTransaction with IPC channel down. GPU process may have died.
[GFX1-]: ClientLayerManager::BeginTransaction with IPC channel down. GPU process may have died.
[GFX1-]: ClientLayerManager::BeginTransaction with IPC channel down. GPU process may have died.
[GFX1-]: ClientLayerManager::BeginTransaction with IPC channel down. GPU process may have died.
[GFX1-]: ClientLayerManager::BeginTransaction with IPC channel down. GPU process may have died.
[GFX1-]: ClientLayerManager::BeginTransaction with IPC channel down. GPU process may have died.
[GFX1-]: ClientLayerManager::BeginTransaction with IPC channel down. GPU process may have died.
[GFX1-]: ClientLayerManager::BeginTransaction with IPC channel down. GPU process may have died.
[GFX1-]: ClientLayerManager::BeginTransaction with IPC channel down. GPU process may have died.
[GFX1-]: ClientLayerManager::BeginTransaction with IPC channel down. GPU process may have died.
[GFX1-]: ClientLayerManager::BeginTransaction with IPC channel down. GPU process may have died.
[GFX1-]: ClientLayerManager::BeginTransaction with IPC channel down. GPU process may have died.
[GFX1-]: ClientLayerManager::BeginTransaction with IPC channel down. GPU process may have died.
[GFX1-]: ClientLayerManager::BeginTransaction with IPC channel down. GPU process may have died.
[GFX1-]: ClientLayerManager::BeginTransaction with IPC channel down. GPU process may have died.
[GFX1-]: ClientLayerManager::BeginTransaction with IPC channel down. GPU process may have died.
[GFX1-]: ClientLayerManager::BeginTransaction with IPC channel down. GPU process may have died.
[GFX1-]: ClientLayerManager::BeginTransaction with IPC channel down. GPU process may have died.
[GFX1-]: ClientLayerManager::BeginTransaction with IPC channel down. GPU process may have died.
[GFX1-]: ClientLayerManager::BeginTransaction with IPC channel down. GPU process may have died.
[GFX1-]: ClientLayerManager::BeginTransaction with IPC channel down. GPU process may have died.
[GFX1-]: ClientLayerManager::BeginTransaction with IPC channel down. GPU process may have died.
[GFX1-]: ClientLayerManager::BeginTransaction with IPC channel down. GPU process may have died.
[GFX1-]: ClientLayerManager::BeginTransaction with IPC channel down. GPU process may have died.
[GFX1-]: ClientLayerManager::BeginTransaction with IPC channel down. GPU process may have died.
[GFX1-]: ClientLayerManager::BeginTransaction with IPC channel down. GPU process may have died.
[GFX1-]: ClientLayerManager::BeginTransaction with IPC channel down. GPU process may have died.

###!!! [Child][MessageChannel] Error: (msgtype=0x900025,name=PNecko::Msg_RemoveRequestContext) Channel closing: too late to send/recv, messages will be lost


###!!! [Child][MessageChannel] Error: (msgtype=0x900025,name=PNecko::Msg_RemoveRequestContext) Channel closing: too late to send/recv, messages will be lost


###!!! [Child][MessageChannel] Error: (msgtype=0x900025,name=PNecko::Msg_RemoveRequestContext) Channel closing: too late to send/recv, messages will be lost


###!!! [Child][MessageChannel] Error: (msgtype=0x900025,name=PNecko::Msg_RemoveRequestContext) Channel closing: too late to send/recv, messages will be lost


###!!! [Child][MessageChannel] Error: (msgtype=0x900025,name=PNecko::Msg_RemoveRequestContext) Channel closing: too late to send/recv, messages will be lost


###!!! [Child][MessageChannel] Error: (msgtype=0x900025,name=PNecko::Msg_RemoveRequestContext) Channel closing: too late to send/recv, messages will be lost


###!!! [Child][MessageChannel] Error: (msgtype=0x900025,name=PNecko::Msg_RemoveRequestContext) Channel closing: too late to send/recv, messages will be lost


###!!! [Child][MessageChannel] Error: (msgtype=0x900025,name=PNecko::Msg_RemoveRequestContext) Channel closing: too late to send/recv, messages will be lost


###!!! [Child][MessageChannel] Error: (msgtype=0x900025,name=PNecko::Msg_RemoveRequestContext) Channel closing: too late to send/recv, messages will be lost


###!!! [Child][MessageChannel] Error: (msgtype=0x900025,name=PNecko::Msg_RemoveRequestContext) Channel closing: too late to send/recv, messages will be lost


###!!! [Child][MessageChannel] Error: (msgtype=0x900025,name=PNecko::Msg_RemoveRequestContext) Channel closing: too late to send/recv, messages will be lost


###!!! [Child][MessageChannel] Error: (msgtype=0x4400AB,name=PContent::Msg_ConsoleMessage) Channel closing: too late to send/recv, messages will be lost

WARN  2017-12-05 05:43:27 unity.shell.compiz unityshell.cpp:3241 Animation plugin not found. Can't set minimize speed.
